<?xml version="1.0" encoding="UTF-8"?>
<Site BuildName="Win32-MSBuild"
	BuildStamp="20230422-0308-Experimental"
	Name="DESKTOP-32HCUMP"
	Generator="ctest-3.25.1-msvc1"
	CompilerName="C:/Program Files/Microsoft Visual Studio/2022/Community/VC/Tools/MSVC/14.35.32215/bin/Hostx64/x64/cl.exe"
	CompilerVersion="19.35.32216.1"
	OSName="Windows"
	Hostname="DESKTOP-32HCUMP"
	OSRelease=" Personal"
	OSVersion=" (Build 22621)"
	OSPlatform="AMD64"
	Is64Bits="1"
	VendorString="AuthenticAMD"
	VendorID="Advanced Micro Devices"
	FamilyID="15"
	ModelID="1"
	ProcessorCacheSize="64"
	NumberOfLogicalCPU="24"
	NumberOfPhysicalCPU="12"
	TotalVirtualMemory="34996"
	TotalPhysicalMemory="32692"
	LogicalProcessorsPerPhysical="2"
	ProcessorClockFrequency="3700"
	>
	<Testing>
		<StartDateTime>Apr 21 21:08 Mountain Daylight Time</StartDateTime>
		<StartTestTime>1682132902</StartTestTime>
		<TestList/>
		<EndDateTime>Apr 21 21:08 Mountain Daylight Time</EndDateTime>
		<EndTestTime>1682132902</EndTestTime>
		<ElapsedMinutes>0</ElapsedMinutes>
	</Testing>
</Site>
